Using pre-set license
Built from '2021.1/staging' branch; Version is '2021.1.21f1 (f2d5d3c59f8c) revision 15914451'; Using compiler version '192528614'; Build Type 'Release'
OS: 'Windows 10 Home Single Language; OS build 19043.1288; Version 2009; 64bit' Language: 'en' Physical Memory: 3918 MB
BatchMode: 1, IsHumanControllingUs: 0, StartBugReporterOnCrash: 0, Is64bit: 1, IsPro: 0

COMMAND LINE ARGUMENTS:
C:\Program Files\Unity\Hub\Editor\2021.1.21f1\Editor\Unity.exe
-adb2
-batchMode
-noUpm
-name
AssetImportWorker4
-projectPath
C:/Users/joshu/Dropbox/My PC (LAPTOP-GL5QPPVH)/Desktop/ICT GAME 4
-logFile
Logs/AssetImportWorker4.log
-srvPort
49717
Successfully changed project path to: C:/Users/joshu/Dropbox/My PC (LAPTOP-GL5QPPVH)/Desktop/ICT GAME 4
C:/Users/joshu/Dropbox/My PC (LAPTOP-GL5QPPVH)/Desktop/ICT GAME 4
Using Asset Import Pipeline V2.
Refreshing native plugins compatible for Editor in 2033.98 ms, found 4 plugins.
Preloading 0 native plugins for Editor in 0.00 ms.
Initialize engine version: 2021.1.21f1 (f2d5d3c59f8c)
[Subsystems] Discovering subsystems at path C:/Program Files/Unity/Hub/Editor/2021.1.21f1/Editor/Data/Resources/UnitySubsystems
[Subsystems] Discovering subsystems at path C:/Users/joshu/Dropbox/My PC (LAPTOP-GL5QPPVH)/Desktop/ICT GAME 4/Assets
GfxDevice: creating device client; threaded=0; jobified=0
Direct3D:
    Version:  Direct3D 11.0 [level 11.1]
    Renderer: Intel(R) UHD Graphics 600 (ID=0x3185)
    Vendor:   Intel
    VRAM:     1959 MB
    Driver:   27.20.100.8729
Initialize mono
Mono path[0] = 'C:/Program Files/Unity/Hub/Editor/2021.1.21f1/Editor/Data/Managed'
Mono path[1] = 'C:/Program Files/Unity/Hub/Editor/2021.1.21f1/Editor/Data/MonoBleedingEdge/lib/mono/unityjit'
Mono config path = 'C:/Program Files/Unity/Hub/Editor/2021.1.21f1/Editor/Data/MonoBleedingEdge/etc'
Using monoOptions --debugger-agent=transport=dt_socket,embedding=1,server=y,suspend=n,address=127.0.0.1:56988
Begin MonoManager ReloadAssembly
Registering precompiled unity dll's ...
Register platform support module: C:/Program Files/Unity/Hub/Editor/2021.1.21f1/Editor/Data/PlaybackEngines/WindowsStandaloneSupport/UnityEditor.WindowsStandalone.Extensions.dll
Registered in 0.005916 seconds.
Native extension for WindowsStandalone target not found
Refreshing native plugins compatible for Editor in 464.61 ms, found 4 plugins.
Preloading 0 native plugins for Editor in 0.00 ms.
Mono: successfully reloaded assembly
- Completed reload, in  9.129 seconds
Domain Reload Profiling:
	ReloadAssembly (9130ms)
		BeginReloadAssembly (425ms)
			ExecutionOrderSort (0ms)
			DisableScriptedObjects (0ms)
			BackupInstance (0ms)
			ReleaseScriptingObjects (0ms)
			CreateAndSetChildDomain (2ms)
		EndReloadAssembly (1881ms)
			LoadAssemblies (418ms)
			RebuildTransferFunctionScriptingTraits (1ms)
			SetupTypeCache (476ms)
			ReleaseScriptCaches (0ms)
			RebuildScriptCaches (87ms)
			SetupLoadedEditorAssemblies (1183ms)
				LogAssemblyErrors (0ms)
				InitializePlatformSupportModulesInManaged (164ms)
				SetLoadedEditorAssemblies (1ms)
				RefreshPlugins (465ms)
				BeforeProcessingInitializeOnLoad (4ms)
				ProcessInitializeOnLoadAttributes (466ms)
				ProcessInitializeOnLoadMethodAttributes (83ms)
				AfterProcessingInitializeOnLoad (0ms)
				EditorAssembliesLoaded (0ms)
			ExecutionOrderSort2 (0ms)
			AwakeInstancesAfterBackupRestoration (0ms)
Platform modules already initialized, skipping
Registering precompiled user dll's ...
Registered in 0.031410 seconds.
