Using pre-set license
Built from '2021.1/staging' branch; Version is '2021.1.21f1 (f2d5d3c59f8c) revision 15914451'; Using compiler version '192528614'; Build Type 'Release'
OS: 'Windows 10 Home Single Language; OS build 19043.1288; Version 2009; 64bit' Language: 'en' Physical Memory: 3918 MB
BatchMode: 1, IsHumanControllingUs: 0, StartBugReporterOnCrash: 0, Is64bit: 1, IsPro: 0

COMMAND LINE ARGUMENTS:
C:\Program Files\Unity\Hub\Editor\2021.1.21f1\Editor\Unity.exe
-adb2
-batchMode
-noUpm
-name
AssetImportWorker2
-projectPath
C:/Users/joshu/Dropbox/My PC (LAPTOP-GL5QPPVH)/Desktop/ICT GAME 4
-logFile
Logs/AssetImportWorker2.log
-srvPort
56060
Successfully changed project path to: C:/Users/joshu/Dropbox/My PC (LAPTOP-GL5QPPVH)/Desktop/ICT GAME 4
C:/Users/joshu/Dropbox/My PC (LAPTOP-GL5QPPVH)/Desktop/ICT GAME 4
Using Asset Import Pipeline V2.
